{"C:\\Users\\doug\\PhpstormProjects\\UniversityCareerPlanning\\resources\\js\\app.js": {"path":"C:\\Users\\doug\\PhpstormProjects\\UniversityCareerPlanning\\resources\\js\\app.js","statementMap":{"0":{"start":{"line":5,"column":0},"end":{"line":5,"column":23}},"1":{"start":{"line":7,"column":0},"end":{"line":7,"column":36}},"2":{"start":{"line":11,"column":0},"end":{"line":11,"column":64}},"3":{"start":{"line":12,"column":0},"end":{"line":12,"column":75}},"4":{"start":{"line":13,"column":0},"end":{"line":13,"column":78}},"5":{"start":{"line":14,"column":0},"end":{"line":14,"column":79}},"6":{"start":{"line":17,"column":0},"end":{"line":17,"column":75}},"7":{"start":{"line":18,"column":0},"end":{"line":18,"column":88}},"8":{"start":{"line":21,"column":0},"end":{"line":21,"column":62}},"9":{"start":{"line":22,"column":0},"end":{"line":22,"column":64}},"10":{"start":{"line":23,"column":0},"end":{"line":23,"column":71}},"11":{"start":{"line":24,"column":0},"end":{"line":24,"column":75}},"12":{"start":{"line":25,"column":0},"end":{"line":25,"column":79}},"13":{"start":{"line":26,"column":0},"end":{"line":26,"column":70}},"14":{"start":{"line":27,"column":0},"end":{"line":27,"column":66}},"15":{"start":{"line":28,"column":0},"end":{"line":28,"column":68}},"16":{"start":{"line":29,"column":0},"end":{"line":29,"column":72}},"17":{"start":{"line":30,"column":0},"end":{"line":30,"column":83}},"18":{"start":{"line":31,"column":0},"end":{"line":31,"column":66}},"19":{"start":{"line":32,"column":0},"end":{"line":32,"column":68}},"20":{"start":{"line":35,"column":12},"end":{"line":37,"column":2}}},"fnMap":{},"branchMap":{},"s":{"0":0,"1":0,"2":0,"3":0,"4":0,"5":0,"6":0,"7":0,"8":0,"9":0,"10":0,"11":0,"12":0,"13":0,"14":0,"15":0,"16":0,"17":0,"18":0,"19":0,"20":0},"f":{},"b":{}}
,"C:\\Users\\doug\\PhpstormProjects\\UniversityCareerPlanning\\resources\\js\\bootstrap.js": {"path":"C:\\Users\\doug\\PhpstormProjects\\UniversityCareerPlanning\\resources\\js\\bootstrap.js","statementMap":{"0":{"start":{"line":1,"column":0},"end":{"line":1,"column":29}},"1":{"start":{"line":9,"column":0},"end":{"line":14,"column":14}},"2":{"start":{"line":10,"column":4},"end":{"line":10,"column":49}},"3":{"start":{"line":11,"column":4},"end":{"line":11,"column":49}},"4":{"start":{"line":13,"column":4},"end":{"line":13,"column":25}},"5":{"start":{"line":22,"column":0},"end":{"line":22,"column":32}},"6":{"start":{"line":24,"column":0},"end":{"line":24,"column":76}}},"fnMap":{},"branchMap":{},"s":{"0":0,"1":0,"2":0,"3":0,"4":0,"5":0,"6":0},"f":{},"b":{}}
,"C:\\Users\\doug\\PhpstormProjects\\UniversityCareerPlanning\\resources\\js\\components\\Survey.vue": {"path":"C:\\Users\\doug\\PhpstormProjects\\UniversityCareerPlanning\\resources\\js\\components\\Survey.vue","statementMap":{"0":{"start":{"line":28,"column":0},"end":{"line":28,"column":null}},"1":{"start":{"line":33,"column":0},"end":{"line":33,"column":null}},"2":{"start":{"line":44,"column":0},"end":{"line":44,"column":null}},"3":{"start":{"line":49,"column":0},"end":{"line":59,"column":null}},"4":{"start":{"line":50,"column":0},"end":{"line":50,"column":null}},"5":{"start":{"line":53,"column":0},"end":{"line":53,"column":null}},"6":{"start":{"line":54,"column":0},"end":{"line":54,"column":null}},"7":{"start":{"line":55,"column":0},"end":{"line":55,"column":null}},"8":{"start":{"line":58,"column":0},"end":{"line":58,"column":null}},"9":{"start":{"line":61,"column":0},"end":{"line":61,"column":null}},"10":{"start":{"line":62,"column":0},"end":{"line":66,"column":null}},"11":{"start":{"line":63,"column":0},"end":{"line":63,"column":null}},"12":{"start":{"line":64,"column":0},"end":{"line":64,"column":null}},"13":{"start":{"line":65,"column":0},"end":{"line":65,"column":null}},"14":{"start":{"line":71,"column":0},"end":{"line":71,"column":null}},"15":{"start":{"line":74,"column":0},"end":{"line":78,"column":null}},"16":{"start":{"line":75,"column":0},"end":{"line":75,"column":null}},"17":{"start":{"line":77,"column":0},"end":{"line":77,"column":null}}},"fnMap":{"0":{"name":"data","decl":{"start":{"line":32,"column":0},"end":{"line":32,"column":null}},"loc":{"start":{"line":32,"column":0},"end":{"line":43,"column":null}}},"1":{"name":"created","decl":{"start":{"line":44,"column":0},"end":{"line":44,"column":null}},"loc":{"start":{"line":44,"column":0},"end":{"line":46,"column":null}}},"2":{"name":"goToNextQuestion","decl":{"start":{"line":48,"column":0},"end":{"line":48,"column":null}},"loc":{"start":{"line":48,"column":0},"end":{"line":60,"column":null}}},"3":{"name":"fetchQuestions","decl":{"start":{"line":61,"column":0},"end":{"line":61,"column":null}},"loc":{"start":{"line":61,"column":0},"end":{"line":67,"column":null}}},"4":{"name":"(anonymous_7)","decl":{"start":{"line":62,"column":0},"end":{"line":62,"column":null}},"loc":{"start":{"line":62,"column":0},"end":{"line":66,"column":null}}},"5":{"name":"isDisabled","decl":{"start":{"line":70,"column":0},"end":{"line":70,"column":null}},"loc":{"start":{"line":70,"column":0},"end":{"line":72,"column":null}}},"6":{"name":"buttonText","decl":{"start":{"line":73,"column":0},"end":{"line":73,"column":null}},"loc":{"start":{"line":73,"column":0},"end":{"line":79,"column":null}}}},"branchMap":{"0":{"loc":{"start":{"line":44,"column":0},"end":{"line":44,"column":null}},"type":"switch","locations":[{"start":{"line":44,"column":0},"end":{"line":44,"column":null}},{"start":{"line":44,"column":0},"end":{"line":44,"column":null}},{"start":{"line":44,"column":0},"end":{"line":44,"column":null}}]},"1":{"loc":{"start":{"line":49,"column":0},"end":{"line":59,"column":null}},"type":"if","locations":[{"start":{"line":49,"column":0},"end":{"line":59,"column":null}},{"start":{"line":49,"column":0},"end":{"line":59,"column":null}}]},"2":{"loc":{"start":{"line":49,"column":0},"end":{"line":49,"column":null}},"type":"binary-expr","locations":[{"start":{"line":49,"column":0},"end":{"line":49,"column":null}},{"start":{"line":49,"column":0},"end":{"line":49,"column":null}}]},"3":{"loc":{"start":{"line":50,"column":0},"end":{"line":50,"column":null}},"type":"if","locations":[{"start":{"line":50,"column":0},"end":{"line":50,"column":null}},{"start":{"line":50,"column":0},"end":{"line":50,"column":null}}]},"4":{"loc":{"start":{"line":74,"column":0},"end":{"line":78,"column":null}},"type":"if","locations":[{"start":{"line":74,"column":0},"end":{"line":78,"column":null}},{"start":{"line":74,"column":0},"end":{"line":78,"column":null}}]}},"s":{"0":1,"1":2,"2":20,"3":0,"4":0,"5":0,"6":0,"7":0,"8":0,"9":3,"10":3,"11":3,"12":3,"13":3,"14":2,"15":5,"16":3,"17":2},"f":{"0":2,"1":8,"2":0,"3":3,"4":3,"5":2,"6":5},"b":{"0":[2,2,2],"1":[0,0],"2":[0,0],"3":[0,0],"4":[3,2]}}
}
