{"/Users/alexthornton/Documents/College/CSCD488/UniversityCareerPlanning/resources/js/app.js": {"path":"/Users/alexthornton/Documents/College/CSCD488/UniversityCareerPlanning/resources/js/app.js","statementMap":{"0":{"start":{"line":4,"column":0},"end":{"line":4,"column":23}},"1":{"start":{"line":5,"column":0},"end":{"line":5,"column":36}},"2":{"start":{"line":9,"column":0},"end":{"line":9,"column":84}},"3":{"start":{"line":11,"column":0},"end":{"line":11,"column":89}},"4":{"start":{"line":12,"column":0},"end":{"line":12,"column":64}},"5":{"start":{"line":13,"column":0},"end":{"line":13,"column":68}},"6":{"start":{"line":16,"column":0},"end":{"line":16,"column":89}},"7":{"start":{"line":17,"column":0},"end":{"line":17,"column":85}},"8":{"start":{"line":21,"column":0},"end":{"line":21,"column":64}},"9":{"start":{"line":22,"column":0},"end":{"line":22,"column":75}},"10":{"start":{"line":23,"column":0},"end":{"line":23,"column":78}},"11":{"start":{"line":24,"column":0},"end":{"line":24,"column":79}},"12":{"start":{"line":27,"column":0},"end":{"line":27,"column":75}},"13":{"start":{"line":28,"column":0},"end":{"line":28,"column":88}},"14":{"start":{"line":30,"column":0},"end":{"line":30,"column":77}},"15":{"start":{"line":31,"column":0},"end":{"line":31,"column":64}},"16":{"start":{"line":32,"column":0},"end":{"line":32,"column":71}},"17":{"start":{"line":33,"column":0},"end":{"line":33,"column":75}},"18":{"start":{"line":34,"column":0},"end":{"line":34,"column":79}},"19":{"start":{"line":35,"column":0},"end":{"line":35,"column":70}},"20":{"start":{"line":37,"column":0},"end":{"line":37,"column":68}},"21":{"start":{"line":39,"column":0},"end":{"line":39,"column":83}},"22":{"start":{"line":40,"column":0},"end":{"line":40,"column":66}},"23":{"start":{"line":41,"column":0},"end":{"line":41,"column":68}},"24":{"start":{"line":44,"column":12},"end":{"line":46,"column":2}}},"fnMap":{},"branchMap":{},"s":{"0":0,"1":0,"2":0,"3":0,"4":0,"5":0,"6":0,"7":0,"8":0,"9":0,"10":0,"11":0,"12":0,"13":0,"14":0,"15":0,"16":0,"17":0,"18":0,"19":0,"20":0,"21":0,"22":0,"23":0,"24":0},"f":{},"b":{}}
,"/Users/alexthornton/Documents/College/CSCD488/UniversityCareerPlanning/resources/js/bootstrap.js": {"path":"/Users/alexthornton/Documents/College/CSCD488/UniversityCareerPlanning/resources/js/bootstrap.js","statementMap":{"0":{"start":{"line":1,"column":0},"end":{"line":1,"column":29}},"1":{"start":{"line":9,"column":0},"end":{"line":14,"column":14}},"2":{"start":{"line":10,"column":4},"end":{"line":10,"column":49}},"3":{"start":{"line":11,"column":4},"end":{"line":11,"column":49}},"4":{"start":{"line":13,"column":4},"end":{"line":13,"column":25}},"5":{"start":{"line":22,"column":0},"end":{"line":22,"column":32}},"6":{"start":{"line":24,"column":0},"end":{"line":24,"column":76}}},"fnMap":{},"branchMap":{},"s":{"0":0,"1":0,"2":0,"3":0,"4":0,"5":0,"6":0},"f":{},"b":{}}
,"/Users/alexthornton/Documents/College/CSCD488/UniversityCareerPlanning/resources/js/components/Scale.vue": {"path":"/Users/alexthornton/Documents/College/CSCD488/UniversityCareerPlanning/resources/js/components/Scale.vue","statementMap":{"0":{"start":{"line":16,"column":0},"end":{"line":16,"column":null}},"1":{"start":{"line":38,"column":0},"end":{"line":38,"column":null}},"2":{"start":{"line":43,"column":0},"end":{"line":43,"column":null}},"3":{"start":{"line":51,"column":0},"end":{"line":51,"column":null}}},"fnMap":{"0":{"name":"data","decl":{"start":{"line":15,"column":0},"end":{"line":15,"column":null}},"loc":{"start":{"line":15,"column":0},"end":{"line":19,"column":null}}},"1":{"name":"created","decl":{"start":{"line":37,"column":0},"end":{"line":37,"column":null}},"loc":{"start":{"line":37,"column":0},"end":{"line":39,"column":null}}},"2":{"name":"calcRate","decl":{"start":{"line":41,"column":0},"end":{"line":41,"column":null}},"loc":{"start":{"line":41,"column":0},"end":{"line":49,"column":null}}},"3":{"name":"calcLocation","decl":{"start":{"line":50,"column":0},"end":{"line":50,"column":null}},"loc":{"start":{"line":50,"column":0},"end":{"line":55,"column":null}}}},"branchMap":{},"s":{"0":5,"1":5,"2":9,"3":5},"f":{"0":5,"1":5,"2":9,"3":5},"b":{}}
}
