TN:
SF:resources/js/app.js
FNF:0
FNH:0
DA:6,0
DA:7,0
DA:11,0
DA:12,0
DA:13,0
DA:16,0
DA:17,0
DA:22,0
DA:23,0
DA:24,0
DA:25,0
DA:28,0
DA:29,0
DA:32,0
DA:33,0
DA:34,0
DA:35,0
DA:36,0
DA:37,0
DA:39,0
DA:41,0
DA:42,0
DA:43,0
DA:46,0
LF:24
LH:0
BRF:0
BRH:0
end_of_record
TN:
SF:resources/js/bootstrap.js
FNF:0
FNH:0
DA:1,0
DA:9,0
DA:10,0
DA:11,0
DA:13,0
DA:22,0
DA:24,0
LF:7
LH:0
BRF:0
BRH:0
end_of_record
TN:
SF:resources/js/components/Degrees.vue
FN:41,data
FN:49,created
FN:54,constructURL
FN:65,fetchDegrees
FN:79,makePagination
FNF:5
FNH:5
FNDA:6,data
FNDA:6,created
FNDA:6,constructURL
FNDA:28,fetchDegrees
FNDA:7,makePagination
DA:30,1
DA:42,6
DA:50,6
DA:51,6
DA:55,6
DA:56,2
DA:57,4
DA:59,1
DA:62,3
DA:65,98
DA:67,7
DA:70,7
DA:71,7
DA:72,7
DA:74,0
DA:80,7
DA:87,7
LF:17
LH:16
BRDA:55,0,0,2
BRDA:55,0,1,4
BRDA:57,1,0,1
BRDA:57,1,1,3
BRDA:65,2,0,7
BRDA:65,2,1,7
BRDA:65,2,2,0
BRDA:65,2,3,7
BRDA:65,2,4,7
BRDA:67,3,0,7
BRDA:67,3,1,7
BRF:11
BRH:10
end_of_record
TN:
SF:resources/js/components/Survey.vue
FN:32,data
FN:44,(anonymous_2)
FN:50,goToNextQuestion
FN:65,isDisabled
FN:68,buttonText
FNF:5
FNH:4
FNDA:2,data
FNDA:9,(anonymous_2)
FNDA:0,goToNextQuestion
FNDA:2,isDisabled
FNDA:4,buttonText
DA:28,1
DA:33,2
DA:44,20
DA:45,2
DA:46,2
DA:47,2
DA:51,0
DA:52,0
DA:55,0
DA:56,0
DA:57,0
DA:60,0
DA:66,2
DA:69,4
DA:70,2
DA:72,2
LF:16
LH:10
BRDA:44,0,0,2
BRDA:44,0,1,2
BRDA:44,0,2,2
BRDA:44,0,3,2
BRDA:51,1,0,0
BRDA:51,1,1,0
BRDA:51,2,0,0
BRDA:51,2,1,0
BRDA:52,3,0,0
BRDA:52,3,1,0
BRDA:69,4,0,2
BRDA:69,4,1,2
BRF:12
BRH:6
end_of_record
