TN:
SF:resources/js/app.js
FNF:0
FNH:0
DA:4,0
DA:5,0
DA:9,0
DA:11,0
DA:12,0
DA:13,0
DA:16,0
DA:17,0
DA:21,0
DA:22,0
DA:23,0
DA:24,0
DA:27,0
DA:28,0
DA:30,0
DA:31,0
DA:32,0
DA:33,0
DA:34,0
DA:35,0
DA:37,0
DA:39,0
DA:40,0
DA:41,0
DA:44,0
LF:25
LH:0
BRF:0
BRH:0
end_of_record
TN:
SF:resources/js/bootstrap.js
FNF:0
FNH:0
DA:1,0
DA:9,0
DA:10,0
DA:11,0
DA:13,0
DA:22,0
DA:24,0
LF:7
LH:0
BRF:0
BRH:0
end_of_record
TN:
SF:resources/js/components/Scale.vue
FN:15,data
FN:37,created
FN:41,calcRate
FN:50,calcLocation
FNF:4
FNH:4
FNDA:5,data
FNDA:5,created
FNDA:9,calcRate
FNDA:5,calcLocation
DA:16,5
DA:38,5
DA:43,9
DA:51,5
LF:4
LH:4
BRF:0
BRH:0
end_of_record
